\BOOKMARK [1][-]{section.1}{Delivery Optimo}{}% 1
\BOOKMARK [2][-]{subsection.1.1}{Introducci\363n al problema}{section.1}% 2
\BOOKMARK [2][-]{subsection.1.2}{Representaci\363n}{section.1}% 3
\BOOKMARK [2][-]{subsection.1.3}{El algoritmo}{section.1}% 4
\BOOKMARK [2][-]{subsection.1.4}{Complejidad}{section.1}% 5
\BOOKMARK [2][-]{subsection.1.5}{Correctitud}{section.1}% 6
\BOOKMARK [2][-]{subsection.1.6}{Experimentaci\363n}{section.1}% 7
\BOOKMARK [3][-]{subsubsection.1.6.1}{Mediciones de complejidad}{subsection.1.6}% 8
\BOOKMARK [3][-]{subsubsection.1.6.2}{Casos buenos y malos}{subsection.1.6}% 9
\BOOKMARK [1][-]{section.2}{Subsidiando el transporte}{}% 10
\BOOKMARK [2][-]{subsection.2.1}{Representaci\363n}{section.2}% 11
\BOOKMARK [2][-]{subsection.2.2}{Resoluci\363n}{section.2}% 12
\BOOKMARK [2][-]{subsection.2.3}{Implementaci\363n}{section.2}% 13
\BOOKMARK [2][-]{subsection.2.4}{Complejidad}{section.2}% 14
\BOOKMARK [2][-]{subsection.2.5}{Correctitud}{section.2}% 15
\BOOKMARK [2][-]{subsection.2.6}{Experimentaci\363n}{section.2}% 16
\BOOKMARK [1][-]{section.3}{Reconfiguracion de Rutas}{}% 17
\BOOKMARK [2][-]{subsection.3.1}{Representaci\363n}{section.3}% 18
\BOOKMARK [2][-]{subsection.3.2}{Resoluci\363n}{section.3}% 19
\BOOKMARK [2][-]{subsection.3.3}{Implementaci\363n}{section.3}% 20
\BOOKMARK [2][-]{subsection.3.4}{Complejidad}{section.3}% 21
\BOOKMARK [2][-]{subsection.3.5}{Correctitud}{section.3}% 22
\BOOKMARK [2][-]{subsection.3.6}{Experimentaci\363n}{section.3}% 23
